<?xml version="1.0" encoding="UTF-8"?>
<!-- Generated by org.testng.reporters.JUnitReportReporter -->
<testsuite hostname="Lenovo-PCrajni" name="org.testCases.com.TC02" tests="1" failures="0" timestamp="23 Sep 2017 05:26:59 GMT" time="12.414" errors="0">
  <testcase name="testCase02" time="12.414" classname="org.testCases.com.TC02"/>
</testsuite> <!-- org.testCases.com.TC02 -->
