<?xml version="1.0" encoding="UTF-8"?>
<!-- Generated by org.testng.reporters.JUnitReportReporter -->
<testsuite skipped="0" hostname="Lenovo-PCrajni" name="org.testCases.com.GetUserDirDetails" tests="1" failures="0" timestamp="23 Sep 2017 05:19:10 GMT" time="0.013" errors="0">
  <testcase name="testCase01" time="0.013" classname="org.testCases.com.GetUserDirDetails"/>
</testsuite> <!-- org.testCases.com.GetUserDirDetails -->
